13:35:37 **** Incremental Build of configuration Nios II for project chromaKeyRTOS ****
make all 
Info: Building ../chromaKeyRTOS_bsp/
C:/intelFPGA/17.1/nios2eds/bin/gnu/H-x86_64-mingw32/bin/make --no-print-directory -C ../chromaKeyRTOS_bsp/
[BSP build complete]
Info: Compiling BaseSw/src/app_config.c to obj/default/BaseSw/src/app_config.o
nios2-elf-gcc -xc -MP -MMD -c -I../chromaKeyRTOS_bsp//UCOSII/inc -I../chromaKeyRTOS_bsp//HAL/inc -I../chromaKeyRTOS_bsp/ -I../chromaKeyRTOS_bsp//drivers/inc  -pipe -D__hal__ -DALT_NO_INSTRUCTION_EMULATION -DRO_ZIPFS -D__ucosii__    -O0 -g -Wall   -mno-hw-div -mhw-mul -mno-hw-mulx -mgpopt=global  -o obj/default/BaseSw/src/app_config.o BaseSw/src/app_config.c
Info: Linking chromaKeyRTOS.elf
nios2-elf-g++  -T'../chromaKeyRTOS_bsp//linker.x' -msys-crt0='../chromaKeyRTOS_bsp//obj/HAL/src/crt0.o' -msys-lib=ucosii_bsp -L../chromaKeyRTOS_bsp/   -Wl,-Map=chromaKeyRTOS.map   -O0 -g -Wall   -mno-hw-div -mhw-mul -mno-hw-mulx -mgpopt=global  -o chromaKeyRTOS.elf obj/default/AppSw/Chs_Comm.o obj/default/BaseSw/src/MTL.o obj/default/BaseSw/src/alt_ucosii_simple_error_check.o obj/default/BaseSw/src/app_config.o obj/default/BaseSw/src/functions.o obj/default/BaseSw/src/isr.o obj/default/BaseSw/src/lcd.o obj/default/BaseSw/src/ledg.o obj/default/BaseSw/src/task_config.o -lm -msys-lib=m
nios2-elf-insert chromaKeyRTOS.elf --thread_model ucosii --cpu_name cpu --qsys true --simulation_enabled false --id 0 --sidp 0x10001040 --timestamp 1644480275 --stderr_dev jtag_uart --stdin_dev jtag_uart --stdout_dev jtag_uart --sopc_system_name nios_system --quartus_project_dir "C:/Users/aruznie/Documents/QDesign/CHS_CROMA-KEY/Proyecto" --jdi ../..//output_files/DE2_115_Media_Computer.jdi --sopcinfo C:/Users/aruznie/Documents/QDesign/CHS_CROMA-KEY/Proyecto/software/chromaKeyRTOS_bsp/../../nios_system.sopcinfo
Info: (chromaKeyRTOS.elf) 280 KBytes program size (code + initialized data).
Info:                     130783 KBytes free for stack + heap.
Info: Creating chromaKeyRTOS.objdump
nios2-elf-objdump --disassemble --syms --all-header --source chromaKeyRTOS.elf >chromaKeyRTOS.objdump
[chromaKeyRTOS build complete]
13:35:54 **** Build of configuration Nios II for project chromaKeyRTOS ****
make all 
Info: Building ../chromaKeyRTOS_bsp/
C:/intelFPGA/17.1/nios2eds/bin/gnu/H-x86_64-mingw32/bin/make --no-print-directory -C ../chromaKeyRTOS_bsp/
[BSP build complete]
[chromaKeyRTOS build complete]
13:35:56 **** Incremental Build of configuration Nios II for project chromaKeyRTOS ****
make all 
Info: Building ../chromaKeyRTOS_bsp/
C:/intelFPGA/17.1/nios2eds/bin/gnu/H-x86_64-mingw32/bin/make --no-print-directory -C ../chromaKeyRTOS_bsp/
[BSP build complete]
[chromaKeyRTOS build complete]
