18:27:29 **** Incremental Build of configuration Nios II for project chromaKey ****
make all 
Info: Building ../chromaKey_bsp/
C:/intelFPGA/17.1/nios2eds/bin/gnu/H-x86_64-mingw32/bin/make --no-print-directory -C ../chromaKey_bsp/
[BSP build complete]
Info: Compiling main.c to obj/default/main.o
nios2-elf-gcc -xc -MP -MMD -c -I../chromaKey_bsp//HAL/inc -I../chromaKey_bsp/ -I../chromaKey_bsp//drivers/inc  -pipe -D__hal__ -DALT_NO_INSTRUCTION_EMULATION -DALT_SINGLE_THREADED -DRO_ZIPFS    -O0 -g -Wall   -mno-hw-div -mhw-mul -mno-hw-mulx -mgpopt=global  -o obj/default/main.o main.c
main.c: In function 'main':
main.c:60:2: warning: implicit declaration of function 'alt_irq_register' [-Wimplicit-function-declaration]
  alt_irq_register(PUSHBUTTONS_IRQ, NULL, pushbutton_ISR);
  ^
Info: Linking chromaKey.elf
nios2-elf-g++  -T'../chromaKey_bsp//linker.x' -msys-crt0='../chromaKey_bsp//obj/HAL/src/crt0.o' -msys-lib=hal_bsp -L../chromaKey_bsp/   -Wl,-Map=chromaKey.map   -O0 -g -Wall   -mno-hw-div -mhw-mul -mno-hw-mulx -mgpopt=global  -o chromaKey.elf obj/default/main.o obj/default/pushbutton_ISR.o obj/default/switches_ISR.o -lm -msys-lib=m
nios2-elf-insert chromaKey.elf --thread_model hal --cpu_name cpu --qsys true --simulation_enabled false --id 0 --sidp 0x10001040 --timestamp 1644425752 --stderr_dev jtag_uart --stdin_dev jtag_uart --stdout_dev jtag_uart --sopc_system_name nios_system --quartus_project_dir "C:/Users/aruznie/Documents/QDesign/CHS_CROMA-KEY/Proyecto" --jdi ../..//output_files/DE2_115_Media_Computer.jdi --sopcinfo C:/Users/aruznie/Documents/QDesign/CHS_CROMA-KEY/Proyecto/software/chromaKey_bsp/../../nios_system.sopcinfo
Info: (chromaKey.elf) 110 KBytes program size (code + initialized data).
Info:                 130953 KBytes free for stack + heap.
Info: Creating chromaKey.objdump
nios2-elf-objdump --disassemble --syms --all-header --source chromaKey.elf >chromaKey.objdump
[chromaKey build complete]
18:27:36 **** Build of configuration Nios II for project chromaKey ****
make all 
Info: Building ../chromaKey_bsp/
C:/intelFPGA/17.1/nios2eds/bin/gnu/H-x86_64-mingw32/bin/make --no-print-directory -C ../chromaKey_bsp/
[BSP build complete]
[chromaKey build complete]
18:27:37 **** Incremental Build of configuration Nios II for project chromaKey ****
make all 
Info: Building ../chromaKey_bsp/
C:/intelFPGA/17.1/nios2eds/bin/gnu/H-x86_64-mingw32/bin/make --no-print-directory -C ../chromaKey_bsp/
[BSP build complete]
[chromaKey build complete]
18:29:23 **** Build of configuration Nios II for project chromaKey ****
make all 
Info: Building ../chromaKey_bsp/
C:/intelFPGA/17.1/nios2eds/bin/gnu/H-x86_64-mingw32/bin/make --no-print-directory -C ../chromaKey_bsp/
[BSP build complete]
[chromaKey build complete]
18:29:26 **** Incremental Build of configuration Nios II for project chromaKey ****
make all 
Info: Building ../chromaKey_bsp/
C:/intelFPGA/17.1/nios2eds/bin/gnu/H-x86_64-mingw32/bin/make --no-print-directory -C ../chromaKey_bsp/
[BSP build complete]
[chromaKey build complete]
08:54:12 **** Build of configuration Nios II for project chromaKey ****
make all 
Info: Building ../chromaKey_bsp/
C:/intelFPGA/17.1/nios2eds/bin/gnu/H-x86_64-mingw32/bin/make --no-print-directory -C ../chromaKey_bsp/
[BSP build complete]
[chromaKey build complete]
08:54:16 **** Incremental Build of configuration Nios II for project chromaKey ****
make all 
Info: Building ../chromaKey_bsp/
C:/intelFPGA/17.1/nios2eds/bin/gnu/H-x86_64-mingw32/bin/make --no-print-directory -C ../chromaKey_bsp/
[BSP build complete]
[chromaKey build complete]
