19:59:59 **** Incremental Build of configuration Nios II for project backpropagation_Tecnica0 ****
make all 
Info: Building ../backpropagation_Tecnica0_bsp/
C:/intelFPGA/17.1/nios2eds/bin/gnu/H-x86_64-mingw32/bin/make --no-print-directory -C ../backpropagation_Tecnica0_bsp/
[BSP build complete]
Info: Compiling main.c to obj/default/main.o
nios2-elf-gcc -xc -MP -MMD -c -I../backpropagation_Tecnica0_bsp//HAL/inc -I../backpropagation_Tecnica0_bsp/ -I../backpropagation_Tecnica0_bsp//drivers/inc  -pipe -D__hal__ -DALT_NO_INSTRUCTION_EMULATION -DALT_SINGLE_THREADED    -O0 -g -Wall   -mno-hw-div -mhw-mul -mno-hw-mulx -mgpopt=global  -o obj/default/main.o main.c
Info: Linking backpropagation_Tecnica0.elf
nios2-elf-g++  -T'../backpropagation_Tecnica0_bsp//linker.x' -msys-crt0='../backpropagation_Tecnica0_bsp//obj/HAL/src/crt0.o' -msys-lib=hal_bsp -L../backpropagation_Tecnica0_bsp/   -Wl,-Map=backpropagation_Tecnica0.map   -O0 -g -Wall   -mno-hw-div -mhw-mul -mno-hw-mulx -mgpopt=global  -o backpropagation_Tecnica0.elf obj/default/main.o -lm -msys-lib=m
nios2-elf-insert backpropagation_Tecnica0.elf --thread_model hal --cpu_name cpu --qsys true --simulation_enabled false --id 0 --sidp 0x10001040 --timestamp 1639594334 --stderr_dev jtag_uart --stdin_dev jtag_uart --stdout_dev jtag_uart --sopc_system_name nios_system_T0 --quartus_project_dir "C:/Users/garimar/Documents/QDesign/Tarea3" --jdi ../..//output_files/DE2_115_Media_Computer.jdi --sopcinfo C:/Users/garimar/Documents/QDesign/Tarea3/software/backpropagation_Tecnica0_bsp/../../nios_system_T0.sopcinfo
Info: (backpropagation_Tecnica0.elf) 95 KBytes program size (code + initialized data).
Info:                                130969 KBytes free for stack + heap.
Info: Creating backpropagation_Tecnica0.objdump
nios2-elf-objdump --disassemble --syms --all-header --source backpropagation_Tecnica0.elf >backpropagation_Tecnica0.objdump
[backpropagation_Tecnica0 build complete]
20:00:29 **** Build of configuration Nios II for project backpropagation_Tecnica0 ****
make all 
Info: Building ../backpropagation_Tecnica0_bsp/
C:/intelFPGA/17.1/nios2eds/bin/gnu/H-x86_64-mingw32/bin/make --no-print-directory -C ../backpropagation_Tecnica0_bsp/
[BSP build complete]
[backpropagation_Tecnica0 build complete]
20:00:30 **** Incremental Build of configuration Nios II for project backpropagation_Tecnica0 ****
make all 
Info: Building ../backpropagation_Tecnica0_bsp/
C:/intelFPGA/17.1/nios2eds/bin/gnu/H-x86_64-mingw32/bin/make --no-print-directory -C ../backpropagation_Tecnica0_bsp/
[BSP build complete]
[backpropagation_Tecnica0 build complete]
